??:??:?? **** Incremental Build of configuration Debug for project Calculator ****
make all 
Building file: ../main.c
Invoking: AVR Compiler
avr-gcc -Wall -g2 -gstabs -O0 -fpack-struct -fshort-enums -ffunction-sections -fdata-sections -std=gnu99 -funsigned-char -funsigned-bitfields -mmcu=atmega32 -DF_CPU=16000000UL -MMD -MP -MF"main.d" -MT"main.o" -c -o "main.o" "../main.c"
In file included from ../main.c:10:
c:/winavr-20100110/lib/gcc/../../avr/include/util/delay.h:90:3: warning: #warning "Compiler optimizations disabled; functions from <util/delay.h> won't work as designed"
Finished building: ../main.c
 
Building target: Calculator.elf
Invoking: AVR C Linker
avr-gcc -Wl,-Map,Calculator.map -mmcu=atmega32 -o "Calculator.elf"  ./gpio.o ./keypad.o ./lcd.o ./main.o   
Finished building target: Calculator.elf
 
Invoking: AVR Create Extended Listing
avr-objdump -h -S Calculator.elf  >"Calculator.lss"
Finished building: Calculator.lss
 
Invoking: Print Size
avr-size --format=avr --mcu=atmega32 Calculator.elf
AVR Memory Usage
----------------
Device: atmega32

Program:   11874 bytes (36.2% Full)
(.text + .data + .bootloader)

Data:         25 bytes (1.2% Full)
(.data + .bss + .noinit)


Finished building: sizedummy
 

??:??:?? Build Finished. 0 errors, 1 warnings. (took 343ms)

